{"total": {"lines":{"total":5537,"covered":842,"skipped":0,"pct":15.2},"statements":{"total":6049,"covered":865,"skipped":0,"pct":14.29},"functions":{"total":1109,"covered":75,"skipped":0,"pct":6.76},"branches":{"total":4230,"covered":508,"skipped":0,"pct":12},"branchesTrue":{"total":0,"covered":0,"skipped":0,"pct":100}}
,"/Users/laidhamoudi/groupe-et-decouverte/dev-ged/app/error.tsx": {"lines":{"total":3,"covered":0,"skipped":0,"pct":0},"functions":{"total":1,"covered":0,"skipped":0,"pct":0},"statements":{"total":3,"covered":0,"skipped":0,"pct":0},"branches":{"total":0,"covered":0,"skipped":0,"pct":100}}
,"/Users/laidhamoudi/groupe-et-decouverte/dev-ged/app/global-error.tsx": {"lines":{"total":9,"covered":0,"skipped":0,"pct":0},"functions":{"total":6,"covered":0,"skipped":0,"pct":0},"statements":{"total":14,"covered":0,"skipped":0,"pct":0},"branches":{"total":2,"covered":0,"skipped":0,"pct":0}}
,"/Users/laidhamoudi/groupe-et-decouverte/dev-ged/app/home-content.tsx": {"lines":{"total":65,"covered":0,"skipped":0,"pct":0},"functions":{"total":21,"covered":0,"skipped":0,"pct":0},"statements":{"total":81,"covered":0,"skipped":0,"pct":0},"branches":{"total":71,"covered":0,"skipped":0,"pct":0}}
,"/Users/laidhamoudi/groupe-et-decouverte/dev-ged/app/layout.tsx": {"lines":{"total":9,"covered":0,"skipped":0,"pct":0},"functions":{"total":1,"covered":0,"skipped":0,"pct":0},"statements":{"total":11,"covered":0,"skipped":0,"pct":0},"branches":{"total":2,"covered":0,"skipped":0,"pct":0}}
,"/Users/laidhamoudi/groupe-et-decouverte/dev-ged/app/not-found.tsx": {"lines":{"total":4,"covered":0,"skipped":0,"pct":0},"functions":{"total":1,"covered":0,"skipped":0,"pct":0},"statements":{"total":4,"covered":0,"skipped":0,"pct":0},"branches":{"total":0,"covered":0,"skipped":0,"pct":100}}
,"/Users/laidhamoudi/groupe-et-decouverte/dev-ged/app/page.tsx": {"lines":{"total":24,"covered":0,"skipped":0,"pct":0},"functions":{"total":5,"covered":0,"skipped":0,"pct":0},"statements":{"total":25,"covered":0,"skipped":0,"pct":0},"branches":{"total":58,"covered":0,"skipped":0,"pct":0}}
,"/Users/laidhamoudi/groupe-et-decouverte/dev-ged/app/admin/error.tsx": {"lines":{"total":3,"covered":0,"skipped":0,"pct":0},"functions":{"total":1,"covered":0,"skipped":0,"pct":0},"statements":{"total":3,"covered":0,"skipped":0,"pct":0},"branches":{"total":2,"covered":0,"skipped":0,"pct":0}}
,"/Users/laidhamoudi/groupe-et-decouverte/dev-ged/app/admin/layout.tsx": {"lines":{"total":39,"covered":0,"skipped":0,"pct":0},"functions":{"total":6,"covered":0,"skipped":0,"pct":0},"statements":{"total":43,"covered":0,"skipped":0,"pct":0},"branches":{"total":14,"covered":0,"skipped":0,"pct":0}}
,"/Users/laidhamoudi/groupe-et-decouverte/dev-ged/app/admin/loading.tsx": {"lines":{"total":1,"covered":0,"skipped":0,"pct":0},"functions":{"total":1,"covered":0,"skipped":0,"pct":0},"statements":{"total":1,"covered":0,"skipped":0,"pct":0},"branches":{"total":0,"covered":0,"skipped":0,"pct":100}}
,"/Users/laidhamoudi/groupe-et-decouverte/dev-ged/app/admin/page.tsx": {"lines":{"total":41,"covered":0,"skipped":0,"pct":0},"functions":{"total":13,"covered":0,"skipped":0,"pct":0},"statements":{"total":45,"covered":0,"skipped":0,"pct":0},"branches":{"total":32,"covered":0,"skipped":0,"pct":0}}
,"/Users/laidhamoudi/groupe-et-decouverte/dev-ged/app/admin/demandes/page.tsx": {"lines":{"total":100,"covered":0,"skipped":0,"pct":0},"functions":{"total":30,"covered":0,"skipped":0,"pct":0},"statements":{"total":109,"covered":0,"skipped":0,"pct":0},"branches":{"total":66,"covered":0,"skipped":0,"pct":0}}
,"/Users/laidhamoudi/groupe-et-decouverte/dev-ged/app/admin/demandes/[id]/page.tsx": {"lines":{"total":110,"covered":0,"skipped":0,"pct":0},"functions":{"total":27,"covered":0,"skipped":0,"pct":0},"statements":{"total":120,"covered":0,"skipped":0,"pct":0},"branches":{"total":138,"covered":0,"skipped":0,"pct":0}}
,"/Users/laidhamoudi/groupe-et-decouverte/dev-ged/app/admin/propositions/page.tsx": {"lines":{"total":143,"covered":0,"skipped":0,"pct":0},"functions":{"total":51,"covered":0,"skipped":0,"pct":0},"statements":{"total":154,"covered":0,"skipped":0,"pct":0},"branches":{"total":67,"covered":0,"skipped":0,"pct":0}}
,"/Users/laidhamoudi/groupe-et-decouverte/dev-ged/app/admin/sejours/page.tsx": {"lines":{"total":66,"covered":0,"skipped":0,"pct":0},"functions":{"total":33,"covered":0,"skipped":0,"pct":0},"statements":{"total":72,"covered":0,"skipped":0,"pct":0},"branches":{"total":53,"covered":0,"skipped":0,"pct":0}}
,"/Users/laidhamoudi/groupe-et-decouverte/dev-ged/app/admin/sessions/page.tsx": {"lines":{"total":51,"covered":0,"skipped":0,"pct":0},"functions":{"total":20,"covered":0,"skipped":0,"pct":0},"statements":{"total":60,"covered":0,"skipped":0,"pct":0},"branches":{"total":28,"covered":0,"skipped":0,"pct":0}}
,"/Users/laidhamoudi/groupe-et-decouverte/dev-ged/app/admin/structures/page.tsx": {"lines":{"total":91,"covered":0,"skipped":0,"pct":0},"functions":{"total":27,"covered":0,"skipped":0,"pct":0},"statements":{"total":103,"covered":0,"skipped":0,"pct":0},"branches":{"total":93,"covered":0,"skipped":0,"pct":0}}
,"/Users/laidhamoudi/groupe-et-decouverte/dev-ged/app/admin/users/page.tsx": {"lines":{"total":41,"covered":0,"skipped":0,"pct":0},"functions":{"total":17,"covered":0,"skipped":0,"pct":0},"statements":{"total":47,"covered":0,"skipped":0,"pct":0},"branches":{"total":24,"covered":0,"skipped":0,"pct":0}}
,"/Users/laidhamoudi/groupe-et-decouverte/dev-ged/app/api/admin/dossier-enfant/[inscriptionId]/route.ts": {"lines":{"total":20,"covered":0,"skipped":0,"pct":0},"functions":{"total":1,"covered":0,"skipped":0,"pct":0},"statements":{"total":21,"covered":0,"skipped":0,"pct":0},"branches":{"total":6,"covered":0,"skipped":0,"pct":0}}
,"/Users/laidhamoudi/groupe-et-decouverte/dev-ged/app/api/admin/inscriptions/route.ts": {"lines":{"total":33,"covered":27,"skipped":0,"pct":81.81},"functions":{"total":3,"covered":2,"skipped":0,"pct":66.66},"statements":{"total":34,"covered":27,"skipped":0,"pct":79.41},"branches":{"total":27,"covered":20,"skipped":0,"pct":74.07}}
,"/Users/laidhamoudi/groupe-et-decouverte/dev-ged/app/api/admin/inscriptions/[id]/route.ts": {"lines":{"total":76,"covered":56,"skipped":0,"pct":73.68},"functions":{"total":4,"covered":3,"skipped":0,"pct":75},"statements":{"total":77,"covered":56,"skipped":0,"pct":72.72},"branches":{"total":44,"covered":29,"skipped":0,"pct":65.9}}
,"/Users/laidhamoudi/groupe-et-decouverte/dev-ged/app/api/admin/inscriptions/[id]/relance/route.ts": {"lines":{"total":25,"covered":12,"skipped":0,"pct":48},"functions":{"total":3,"covered":1,"skipped":0,"pct":33.33},"statements":{"total":26,"covered":12,"skipped":0,"pct":46.15},"branches":{"total":22,"covered":1,"skipped":0,"pct":4.54}}
,"/Users/laidhamoudi/groupe-et-decouverte/dev-ged/app/api/admin/propositions/route.ts": {"lines":{"total":85,"covered":24,"skipped":0,"pct":28.23},"functions":{"total":4,"covered":4,"skipped":0,"pct":100},"statements":{"total":92,"covered":24,"skipped":0,"pct":26.08},"branches":{"total":71,"covered":4,"skipped":0,"pct":5.63}}
,"/Users/laidhamoudi/groupe-et-decouverte/dev-ged/app/api/admin/propositions/pdf/route.ts": {"lines":{"total":133,"covered":0,"skipped":0,"pct":0},"functions":{"total":10,"covered":0,"skipped":0,"pct":0},"statements":{"total":144,"covered":0,"skipped":0,"pct":0},"branches":{"total":58,"covered":0,"skipped":0,"pct":0}}
,"/Users/laidhamoudi/groupe-et-decouverte/dev-ged/app/api/admin/session-prices/route.ts": {"lines":{"total":19,"covered":0,"skipped":0,"pct":0},"functions":{"total":1,"covered":0,"skipped":0,"pct":0},"statements":{"total":21,"covered":0,"skipped":0,"pct":0},"branches":{"total":10,"covered":0,"skipped":0,"pct":0}}
,"/Users/laidhamoudi/groupe-et-decouverte/dev-ged/app/api/admin/stats/route.ts": {"lines":{"total":38,"covered":0,"skipped":0,"pct":0},"functions":{"total":4,"covered":0,"skipped":0,"pct":0},"statements":{"total":43,"covered":0,"skipped":0,"pct":0},"branches":{"total":32,"covered":0,"skipped":0,"pct":0}}
,"/Users/laidhamoudi/groupe-et-decouverte/dev-ged/app/api/admin/stays/route.ts": {"lines":{"total":20,"covered":17,"skipped":0,"pct":85},"functions":{"total":2,"covered":2,"skipped":0,"pct":100},"statements":{"total":23,"covered":18,"skipped":0,"pct":78.26},"branches":{"total":38,"covered":32,"skipped":0,"pct":84.21}}
,"/Users/laidhamoudi/groupe-et-decouverte/dev-ged/app/api/admin/stays/[id]/route.ts": {"lines":{"total":33,"covered":29,"skipped":0,"pct":87.87},"functions":{"total":2,"covered":2,"skipped":0,"pct":100},"statements":{"total":37,"covered":30,"skipped":0,"pct":81.08},"branches":{"total":12,"covered":10,"skipped":0,"pct":83.33}}
,"/Users/laidhamoudi/groupe-et-decouverte/dev-ged/app/api/admin/stays/[id]/notify-waitlist/route.ts": {"lines":{"total":33,"covered":0,"skipped":0,"pct":0},"functions":{"total":1,"covered":0,"skipped":0,"pct":0},"statements":{"total":34,"covered":0,"skipped":0,"pct":0},"branches":{"total":23,"covered":0,"skipped":0,"pct":0}}
,"/Users/laidhamoudi/groupe-et-decouverte/dev-ged/app/api/admin/stays/[id]/sessions/route.ts": {"lines":{"total":17,"covered":0,"skipped":0,"pct":0},"functions":{"total":2,"covered":0,"skipped":0,"pct":0},"statements":{"total":20,"covered":0,"skipped":0,"pct":0},"branches":{"total":8,"covered":0,"skipped":0,"pct":0}}
,"/Users/laidhamoudi/groupe-et-decouverte/dev-ged/app/api/admin/stays/[id]/sessions/[sessionId]/route.ts": {"lines":{"total":16,"covered":0,"skipped":0,"pct":0},"functions":{"total":1,"covered":0,"skipped":0,"pct":0},"statements":{"total":18,"covered":0,"skipped":0,"pct":0},"branches":{"total":4,"covered":0,"skipped":0,"pct":0}}
,"/Users/laidhamoudi/groupe-et-decouverte/dev-ged/app/api/admin/stays/slug/[slug]/route.ts": {"lines":{"total":17,"covered":14,"skipped":0,"pct":82.35},"functions":{"total":1,"covered":1,"skipped":0,"pct":100},"statements":{"total":18,"covered":14,"skipped":0,"pct":77.77},"branches":{"total":6,"covered":5,"skipped":0,"pct":83.33}}
,"/Users/laidhamoudi/groupe-et-decouverte/dev-ged/app/api/admin/structures/route.ts": {"lines":{"total":39,"covered":0,"skipped":0,"pct":0},"functions":{"total":4,"covered":0,"skipped":0,"pct":0},"statements":{"total":43,"covered":0,"skipped":0,"pct":0},"branches":{"total":32,"covered":0,"skipped":0,"pct":0}}
,"/Users/laidhamoudi/groupe-et-decouverte/dev-ged/app/api/admin/structures/link/route.ts": {"lines":{"total":32,"covered":7,"skipped":0,"pct":21.87},"functions":{"total":1,"covered":1,"skipped":0,"pct":100},"statements":{"total":33,"covered":7,"skipped":0,"pct":21.21},"branches":{"total":18,"covered":1,"skipped":0,"pct":5.55}}
,"/Users/laidhamoudi/groupe-et-decouverte/dev-ged/app/api/admin/structures/merge/route.ts": {"lines":{"total":36,"covered":16,"skipped":0,"pct":44.44},"functions":{"total":1,"covered":1,"skipped":0,"pct":100},"statements":{"total":40,"covered":16,"skipped":0,"pct":40},"branches":{"total":24,"covered":9,"skipped":0,"pct":37.5}}
,"/Users/laidhamoudi/groupe-et-decouverte/dev-ged/app/api/admin/users/route.ts": {"lines":{"total":30,"covered":26,"skipped":0,"pct":86.66},"functions":{"total":3,"covered":3,"skipped":0,"pct":100},"statements":{"total":34,"covered":27,"skipped":0,"pct":79.41},"branches":{"total":17,"covered":14,"skipped":0,"pct":82.35}}
,"/Users/laidhamoudi/groupe-et-decouverte/dev-ged/app/api/admin/users/[id]/route.ts": {"lines":{"total":41,"covered":0,"skipped":0,"pct":0},"functions":{"total":2,"covered":0,"skipped":0,"pct":0},"statements":{"total":47,"covered":0,"skipped":0,"pct":0},"branches":{"total":26,"covered":0,"skipped":0,"pct":0}}
,"/Users/laidhamoudi/groupe-et-decouverte/dev-ged/app/api/auth/login/route.ts": {"lines":{"total":51,"covered":43,"skipped":0,"pct":84.31},"functions":{"total":3,"covered":3,"skipped":0,"pct":100},"statements":{"total":51,"covered":43,"skipped":0,"pct":84.31},"branches":{"total":29,"covered":26,"skipped":0,"pct":89.65}}
,"/Users/laidhamoudi/groupe-et-decouverte/dev-ged/app/api/dossier-enfant/[inscriptionId]/route.ts": {"lines":{"total":94,"covered":40,"skipped":0,"pct":42.55},"functions":{"total":4,"covered":3,"skipped":0,"pct":75},"statements":{"total":96,"covered":40,"skipped":0,"pct":41.66},"branches":{"total":64,"covered":25,"skipped":0,"pct":39.06}}
,"/Users/laidhamoudi/groupe-et-decouverte/dev-ged/app/api/dossier-enfant/[inscriptionId]/pdf/route.ts": {"lines":{"total":220,"covered":0,"skipped":0,"pct":0},"functions":{"total":7,"covered":0,"skipped":0,"pct":0},"statements":{"total":231,"covered":0,"skipped":0,"pct":0},"branches":{"total":121,"covered":0,"skipped":0,"pct":0}}
,"/Users/laidhamoudi/groupe-et-decouverte/dev-ged/app/api/dossier-enfant/[inscriptionId]/pdf-email/route.ts": {"lines":{"total":42,"covered":0,"skipped":0,"pct":0},"functions":{"total":1,"covered":0,"skipped":0,"pct":0},"statements":{"total":43,"covered":0,"skipped":0,"pct":0},"branches":{"total":29,"covered":0,"skipped":0,"pct":0}}
,"/Users/laidhamoudi/groupe-et-decouverte/dev-ged/app/api/dossier-enfant/[inscriptionId]/submit/route.ts": {"lines":{"total":49,"covered":42,"skipped":0,"pct":85.71},"functions":{"total":6,"covered":3,"skipped":0,"pct":50},"statements":{"total":54,"covered":44,"skipped":0,"pct":81.48},"branches":{"total":44,"covered":41,"skipped":0,"pct":93.18}}
,"/Users/laidhamoudi/groupe-et-decouverte/dev-ged/app/api/dossier-enfant/[inscriptionId]/upload/route.ts": {"lines":{"total":102,"covered":34,"skipped":0,"pct":33.33},"functions":{"total":6,"covered":2,"skipped":0,"pct":33.33},"statements":{"total":108,"covered":34,"skipped":0,"pct":31.48},"branches":{"total":73,"covered":21,"skipped":0,"pct":28.76}}
,"/Users/laidhamoudi/groupe-et-decouverte/dev-ged/app/api/educateur/souhait/[token]/route.ts": {"lines":{"total":38,"covered":34,"skipped":0,"pct":89.47},"functions":{"total":2,"covered":2,"skipped":0,"pct":100},"statements":{"total":40,"covered":34,"skipped":0,"pct":85},"branches":{"total":22,"covered":20,"skipped":0,"pct":90.9}}
,"/Users/laidhamoudi/groupe-et-decouverte/dev-ged/app/api/inscriptions/route.ts": {"lines":{"total":138,"covered":32,"skipped":0,"pct":23.18},"functions":{"total":4,"covered":2,"skipped":0,"pct":50},"statements":{"total":139,"covered":32,"skipped":0,"pct":23.02},"branches":{"total":149,"covered":11,"skipped":0,"pct":7.38}}
,"/Users/laidhamoudi/groupe-et-decouverte/dev-ged/app/api/payment/create-intent/route.ts": {"lines":{"total":39,"covered":33,"skipped":0,"pct":84.61},"functions":{"total":2,"covered":2,"skipped":0,"pct":100},"statements":{"total":41,"covered":33,"skipped":0,"pct":80.48},"branches":{"total":30,"covered":24,"skipped":0,"pct":80}}
,"/Users/laidhamoudi/groupe-et-decouverte/dev-ged/app/api/pdf/[slug]/route.ts": {"lines":{"total":12,"covered":0,"skipped":0,"pct":0},"functions":{"total":1,"covered":0,"skipped":0,"pct":0},"statements":{"total":13,"covered":0,"skipped":0,"pct":0},"branches":{"total":6,"covered":0,"skipped":0,"pct":0}}
,"/Users/laidhamoudi/groupe-et-decouverte/dev-ged/app/api/souhaits/route.ts": {"lines":{"total":45,"covered":38,"skipped":0,"pct":84.44},"functions":{"total":3,"covered":1,"skipped":0,"pct":33.33},"statements":{"total":46,"covered":38,"skipped":0,"pct":82.6},"branches":{"total":53,"covered":41,"skipped":0,"pct":77.35}}
,"/Users/laidhamoudi/groupe-et-decouverte/dev-ged/app/api/souhaits/kid/[kidToken]/route.ts": {"lines":{"total":15,"covered":13,"skipped":0,"pct":86.66},"functions":{"total":1,"covered":1,"skipped":0,"pct":100},"statements":{"total":17,"covered":13,"skipped":0,"pct":76.47},"branches":{"total":6,"covered":4,"skipped":0,"pct":66.66}}
,"/Users/laidhamoudi/groupe-et-decouverte/dev-ged/app/api/structure/[code]/route.ts": {"lines":{"total":23,"covered":0,"skipped":0,"pct":0},"functions":{"total":2,"covered":0,"skipped":0,"pct":0},"statements":{"total":24,"covered":0,"skipped":0,"pct":0},"branches":{"total":25,"covered":0,"skipped":0,"pct":0}}
,"/Users/laidhamoudi/groupe-et-decouverte/dev-ged/app/api/structures/search/route.ts": {"lines":{"total":19,"covered":17,"skipped":0,"pct":89.47},"functions":{"total":3,"covered":3,"skipped":0,"pct":100},"statements":{"total":23,"covered":18,"skipped":0,"pct":78.26},"branches":{"total":14,"covered":10,"skipped":0,"pct":71.42}}
,"/Users/laidhamoudi/groupe-et-decouverte/dev-ged/app/api/structures/verify/[code]/route.ts": {"lines":{"total":15,"covered":13,"skipped":0,"pct":86.66},"functions":{"total":1,"covered":1,"skipped":0,"pct":100},"statements":{"total":16,"covered":13,"skipped":0,"pct":81.25},"branches":{"total":8,"covered":8,"skipped":0,"pct":100}}
,"/Users/laidhamoudi/groupe-et-decouverte/dev-ged/app/api/suivi/[token]/route.ts": {"lines":{"total":76,"covered":58,"skipped":0,"pct":76.31},"functions":{"total":4,"covered":4,"skipped":0,"pct":100},"statements":{"total":78,"covered":59,"skipped":0,"pct":75.64},"branches":{"total":62,"covered":36,"skipped":0,"pct":58.06}}
,"/Users/laidhamoudi/groupe-et-decouverte/dev-ged/app/api/suivi/[token]/structure/route.ts": {"lines":{"total":40,"covered":35,"skipped":0,"pct":87.5},"functions":{"total":1,"covered":1,"skipped":0,"pct":100},"statements":{"total":41,"covered":35,"skipped":0,"pct":85.36},"branches":{"total":26,"covered":24,"skipped":0,"pct":92.3}}
,"/Users/laidhamoudi/groupe-et-decouverte/dev-ged/app/api/suivi/resend/route.ts": {"lines":{"total":19,"covered":0,"skipped":0,"pct":0},"functions":{"total":1,"covered":0,"skipped":0,"pct":0},"statements":{"total":20,"covered":0,"skipped":0,"pct":0},"branches":{"total":18,"covered":0,"skipped":0,"pct":0}}
,"/Users/laidhamoudi/groupe-et-decouverte/dev-ged/app/api/waitlist/route.ts": {"lines":{"total":16,"covered":0,"skipped":0,"pct":0},"functions":{"total":1,"covered":0,"skipped":0,"pct":0},"statements":{"total":17,"covered":0,"skipped":0,"pct":0},"branches":{"total":9,"covered":0,"skipped":0,"pct":0}}
,"/Users/laidhamoudi/groupe-et-decouverte/dev-ged/app/api/webhooks/stripe/route.ts": {"lines":{"total":73,"covered":62,"skipped":0,"pct":84.93},"functions":{"total":3,"covered":2,"skipped":0,"pct":66.66},"statements":{"total":76,"covered":62,"skipped":0,"pct":81.57},"branches":{"total":43,"covered":26,"skipped":0,"pct":60.46}}
,"/Users/laidhamoudi/groupe-et-decouverte/dev-ged/app/cgu/page.tsx": {"lines":{"total":5,"covered":0,"skipped":0,"pct":0},"functions":{"total":3,"covered":0,"skipped":0,"pct":0},"statements":{"total":6,"covered":0,"skipped":0,"pct":0},"branches":{"total":3,"covered":0,"skipped":0,"pct":0}}
,"/Users/laidhamoudi/groupe-et-decouverte/dev-ged/app/cgv/page.tsx": {"lines":{"total":8,"covered":0,"skipped":0,"pct":0},"functions":{"total":7,"covered":0,"skipped":0,"pct":0},"statements":{"total":9,"covered":0,"skipped":0,"pct":0},"branches":{"total":5,"covered":0,"skipped":0,"pct":0}}
,"/Users/laidhamoudi/groupe-et-decouverte/dev-ged/app/confidentialite/page.tsx": {"lines":{"total":7,"covered":0,"skipped":0,"pct":0},"functions":{"total":7,"covered":0,"skipped":0,"pct":0},"statements":{"total":8,"covered":0,"skipped":0,"pct":0},"branches":{"total":2,"covered":0,"skipped":0,"pct":0}}
,"/Users/laidhamoudi/groupe-et-decouverte/dev-ged/app/educateur/souhait/[token]/page.tsx": {"lines":{"total":41,"covered":0,"skipped":0,"pct":0},"functions":{"total":12,"covered":0,"skipped":0,"pct":0},"statements":{"total":46,"covered":0,"skipped":0,"pct":0},"branches":{"total":34,"covered":0,"skipped":0,"pct":0}}
,"/Users/laidhamoudi/groupe-et-decouverte/dev-ged/app/envies/page.tsx": {"lines":{"total":30,"covered":0,"skipped":0,"pct":0},"functions":{"total":9,"covered":0,"skipped":0,"pct":0},"statements":{"total":37,"covered":0,"skipped":0,"pct":0},"branches":{"total":28,"covered":0,"skipped":0,"pct":0}}
,"/Users/laidhamoudi/groupe-et-decouverte/dev-ged/app/infos/page.tsx": {"lines":{"total":4,"covered":0,"skipped":0,"pct":0},"functions":{"total":1,"covered":0,"skipped":0,"pct":0},"statements":{"total":4,"covered":0,"skipped":0,"pct":0},"branches":{"total":0,"covered":0,"skipped":0,"pct":100}}
,"/Users/laidhamoudi/groupe-et-decouverte/dev-ged/app/login/error.tsx": {"lines":{"total":3,"covered":0,"skipped":0,"pct":0},"functions":{"total":1,"covered":0,"skipped":0,"pct":0},"statements":{"total":3,"covered":0,"skipped":0,"pct":0},"branches":{"total":2,"covered":0,"skipped":0,"pct":0}}
,"/Users/laidhamoudi/groupe-et-decouverte/dev-ged/app/login/loading.tsx": {"lines":{"total":1,"covered":0,"skipped":0,"pct":0},"functions":{"total":1,"covered":0,"skipped":0,"pct":0},"statements":{"total":1,"covered":0,"skipped":0,"pct":0},"branches":{"total":0,"covered":0,"skipped":0,"pct":100}}
,"/Users/laidhamoudi/groupe-et-decouverte/dev-ged/app/login/page.tsx": {"lines":{"total":27,"covered":0,"skipped":0,"pct":0},"functions":{"total":5,"covered":0,"skipped":0,"pct":0},"statements":{"total":29,"covered":0,"skipped":0,"pct":0},"branches":{"total":14,"covered":0,"skipped":0,"pct":0}}
,"/Users/laidhamoudi/groupe-et-decouverte/dev-ged/app/mentions-legales/page.tsx": {"lines":{"total":4,"covered":0,"skipped":0,"pct":0},"functions":{"total":3,"covered":0,"skipped":0,"pct":0},"statements":{"total":5,"covered":0,"skipped":0,"pct":0},"branches":{"total":0,"covered":0,"skipped":0,"pct":100}}
,"/Users/laidhamoudi/groupe-et-decouverte/dev-ged/app/recherche/error.tsx": {"lines":{"total":3,"covered":0,"skipped":0,"pct":0},"functions":{"total":1,"covered":0,"skipped":0,"pct":0},"statements":{"total":3,"covered":0,"skipped":0,"pct":0},"branches":{"total":2,"covered":0,"skipped":0,"pct":0}}
,"/Users/laidhamoudi/groupe-et-decouverte/dev-ged/app/recherche/loading.tsx": {"lines":{"total":1,"covered":0,"skipped":0,"pct":0},"functions":{"total":1,"covered":0,"skipped":0,"pct":0},"statements":{"total":1,"covered":0,"skipped":0,"pct":0},"branches":{"total":0,"covered":0,"skipped":0,"pct":100}}
,"/Users/laidhamoudi/groupe-et-decouverte/dev-ged/app/recherche/page.tsx": {"lines":{"total":22,"covered":0,"skipped":0,"pct":0},"functions":{"total":5,"covered":0,"skipped":0,"pct":0},"statements":{"total":23,"covered":0,"skipped":0,"pct":0},"branches":{"total":58,"covered":0,"skipped":0,"pct":0}}
,"/Users/laidhamoudi/groupe-et-decouverte/dev-ged/app/sejour/[id]/error.tsx": {"lines":{"total":3,"covered":0,"skipped":0,"pct":0},"functions":{"total":1,"covered":0,"skipped":0,"pct":0},"statements":{"total":3,"covered":0,"skipped":0,"pct":0},"branches":{"total":2,"covered":0,"skipped":0,"pct":0}}
,"/Users/laidhamoudi/groupe-et-decouverte/dev-ged/app/sejour/[id]/loading.tsx": {"lines":{"total":1,"covered":0,"skipped":0,"pct":0},"functions":{"total":1,"covered":0,"skipped":0,"pct":0},"statements":{"total":1,"covered":0,"skipped":0,"pct":0},"branches":{"total":0,"covered":0,"skipped":0,"pct":100}}
,"/Users/laidhamoudi/groupe-et-decouverte/dev-ged/app/sejour/[id]/page.tsx": {"lines":{"total":36,"covered":0,"skipped":0,"pct":0},"functions":{"total":8,"covered":0,"skipped":0,"pct":0},"statements":{"total":42,"covered":0,"skipped":0,"pct":0},"branches":{"total":85,"covered":0,"skipped":0,"pct":0}}
,"/Users/laidhamoudi/groupe-et-decouverte/dev-ged/app/sejour/[id]/stay-detail.tsx": {"lines":{"total":145,"covered":0,"skipped":0,"pct":0},"functions":{"total":46,"covered":0,"skipped":0,"pct":0},"statements":{"total":168,"covered":0,"skipped":0,"pct":0},"branches":{"total":289,"covered":0,"skipped":0,"pct":0}}
,"/Users/laidhamoudi/groupe-et-decouverte/dev-ged/app/sejour/[id]/reserver/error.tsx": {"lines":{"total":3,"covered":0,"skipped":0,"pct":0},"functions":{"total":1,"covered":0,"skipped":0,"pct":0},"statements":{"total":3,"covered":0,"skipped":0,"pct":0},"branches":{"total":2,"covered":0,"skipped":0,"pct":0}}
,"/Users/laidhamoudi/groupe-et-decouverte/dev-ged/app/sejour/[id]/reserver/loading.tsx": {"lines":{"total":1,"covered":0,"skipped":0,"pct":0},"functions":{"total":1,"covered":0,"skipped":0,"pct":0},"statements":{"total":1,"covered":0,"skipped":0,"pct":0},"branches":{"total":0,"covered":0,"skipped":0,"pct":100}}
,"/Users/laidhamoudi/groupe-et-decouverte/dev-ged/app/sejour/[id]/reserver/page.tsx": {"lines":{"total":39,"covered":0,"skipped":0,"pct":0},"functions":{"total":11,"covered":0,"skipped":0,"pct":0},"statements":{"total":48,"covered":0,"skipped":0,"pct":0},"branches":{"total":65,"covered":0,"skipped":0,"pct":0}}
,"/Users/laidhamoudi/groupe-et-decouverte/dev-ged/app/sejours/error.tsx": {"lines":{"total":3,"covered":0,"skipped":0,"pct":0},"functions":{"total":1,"covered":0,"skipped":0,"pct":0},"statements":{"total":3,"covered":0,"skipped":0,"pct":0},"branches":{"total":2,"covered":0,"skipped":0,"pct":0}}
,"/Users/laidhamoudi/groupe-et-decouverte/dev-ged/app/sejours/loading.tsx": {"lines":{"total":1,"covered":0,"skipped":0,"pct":0},"functions":{"total":1,"covered":0,"skipped":0,"pct":0},"statements":{"total":1,"covered":0,"skipped":0,"pct":0},"branches":{"total":0,"covered":0,"skipped":0,"pct":100}}
,"/Users/laidhamoudi/groupe-et-decouverte/dev-ged/app/sejours/page.tsx": {"lines":{"total":3,"covered":0,"skipped":0,"pct":0},"functions":{"total":1,"covered":0,"skipped":0,"pct":0},"statements":{"total":3,"covered":0,"skipped":0,"pct":0},"branches":{"total":0,"covered":0,"skipped":0,"pct":100}}
,"/Users/laidhamoudi/groupe-et-decouverte/dev-ged/app/sejours/sejours-content.tsx": {"lines":{"total":2,"covered":0,"skipped":0,"pct":0},"functions":{"total":1,"covered":0,"skipped":0,"pct":0},"statements":{"total":2,"covered":0,"skipped":0,"pct":0},"branches":{"total":0,"covered":0,"skipped":0,"pct":100}}
,"/Users/laidhamoudi/groupe-et-decouverte/dev-ged/app/structure/[code]/page.tsx": {"lines":{"total":47,"covered":0,"skipped":0,"pct":0},"functions":{"total":19,"covered":0,"skipped":0,"pct":0},"statements":{"total":55,"covered":0,"skipped":0,"pct":0},"branches":{"total":50,"covered":0,"skipped":0,"pct":0}}
,"/Users/laidhamoudi/groupe-et-decouverte/dev-ged/app/structure/login/page.tsx": {"lines":{"total":26,"covered":0,"skipped":0,"pct":0},"functions":{"total":4,"covered":0,"skipped":0,"pct":0},"statements":{"total":27,"covered":0,"skipped":0,"pct":0},"branches":{"total":14,"covered":0,"skipped":0,"pct":0}}
,"/Users/laidhamoudi/groupe-et-decouverte/dev-ged/app/suivi/[token]/page.tsx": {"lines":{"total":88,"covered":0,"skipped":0,"pct":0},"functions":{"total":31,"covered":0,"skipped":0,"pct":0},"statements":{"total":99,"covered":0,"skipped":0,"pct":0},"branches":{"total":83,"covered":0,"skipped":0,"pct":0}}
,"/Users/laidhamoudi/groupe-et-decouverte/dev-ged/components/active-filter-chips.tsx": {"lines":{"total":36,"covered":0,"skipped":0,"pct":0},"functions":{"total":17,"covered":0,"skipped":0,"pct":0},"statements":{"total":40,"covered":0,"skipped":0,"pct":0},"branches":{"total":22,"covered":0,"skipped":0,"pct":0}}
,"/Users/laidhamoudi/groupe-et-decouverte/dev-ged/components/booking-flow.tsx": {"lines":{"total":280,"covered":0,"skipped":0,"pct":0},"functions":{"total":72,"covered":0,"skipped":0,"pct":0},"statements":{"total":309,"covered":0,"skipped":0,"pct":0},"branches":{"total":401,"covered":0,"skipped":0,"pct":0}}
,"/Users/laidhamoudi/groupe-et-decouverte/dev-ged/components/bottom-nav.tsx": {"lines":{"total":21,"covered":0,"skipped":0,"pct":0},"functions":{"total":5,"covered":0,"skipped":0,"pct":0},"statements":{"total":23,"covered":0,"skipped":0,"pct":0},"branches":{"total":17,"covered":0,"skipped":0,"pct":0}}
,"/Users/laidhamoudi/groupe-et-decouverte/dev-ged/components/check-instructions.tsx": {"lines":{"total":3,"covered":0,"skipped":0,"pct":0},"functions":{"total":1,"covered":0,"skipped":0,"pct":0},"statements":{"total":3,"covered":0,"skipped":0,"pct":0},"branches":{"total":2,"covered":0,"skipped":0,"pct":0}}
,"/Users/laidhamoudi/groupe-et-decouverte/dev-ged/components/filter-sheet.tsx": {"lines":{"total":32,"covered":0,"skipped":0,"pct":0},"functions":{"total":14,"covered":0,"skipped":0,"pct":0},"statements":{"total":35,"covered":0,"skipped":0,"pct":0},"branches":{"total":38,"covered":0,"skipped":0,"pct":0}}
,"/Users/laidhamoudi/groupe-et-decouverte/dev-ged/components/footer.tsx": {"lines":{"total":4,"covered":0,"skipped":0,"pct":0},"functions":{"total":1,"covered":0,"skipped":0,"pct":0},"statements":{"total":4,"covered":0,"skipped":0,"pct":0},"branches":{"total":0,"covered":0,"skipped":0,"pct":100}}
,"/Users/laidhamoudi/groupe-et-decouverte/dev-ged/components/header.tsx": {"lines":{"total":27,"covered":0,"skipped":0,"pct":0},"functions":{"total":11,"covered":0,"skipped":0,"pct":0},"statements":{"total":27,"covered":0,"skipped":0,"pct":0},"branches":{"total":21,"covered":0,"skipped":0,"pct":0}}
,"/Users/laidhamoudi/groupe-et-decouverte/dev-ged/components/home-carousels.tsx": {"lines":{"total":35,"covered":0,"skipped":0,"pct":0},"functions":{"total":16,"covered":0,"skipped":0,"pct":0},"statements":{"total":38,"covered":0,"skipped":0,"pct":0},"branches":{"total":10,"covered":0,"skipped":0,"pct":0}}
,"/Users/laidhamoudi/groupe-et-decouverte/dev-ged/components/logo.tsx": {"lines":{"total":2,"covered":0,"skipped":0,"pct":0},"functions":{"total":1,"covered":0,"skipped":0,"pct":0},"statements":{"total":2,"covered":0,"skipped":0,"pct":0},"branches":{"total":6,"covered":0,"skipped":0,"pct":0}}
,"/Users/laidhamoudi/groupe-et-decouverte/dev-ged/components/payment-method-selector.tsx": {"lines":{"total":2,"covered":2,"skipped":0,"pct":100},"functions":{"total":1,"covered":1,"skipped":0,"pct":100},"statements":{"total":2,"covered":2,"skipped":0,"pct":100},"branches":{"total":0,"covered":0,"skipped":0,"pct":100}}
,"/Users/laidhamoudi/groupe-et-decouverte/dev-ged/components/period-filter.tsx": {"lines":{"total":6,"covered":0,"skipped":0,"pct":0},"functions":{"total":3,"covered":0,"skipped":0,"pct":0},"statements":{"total":6,"covered":0,"skipped":0,"pct":0},"branches":{"total":2,"covered":0,"skipped":0,"pct":0}}
,"/Users/laidhamoudi/groupe-et-decouverte/dev-ged/components/providers.tsx": {"lines":{"total":44,"covered":0,"skipped":0,"pct":0},"functions":{"total":9,"covered":0,"skipped":0,"pct":0},"statements":{"total":46,"covered":0,"skipped":0,"pct":0},"branches":{"total":6,"covered":0,"skipped":0,"pct":0}}
,"/Users/laidhamoudi/groupe-et-decouverte/dev-ged/components/search-filter-bar.tsx": {"lines":{"total":5,"covered":0,"skipped":0,"pct":0},"functions":{"total":3,"covered":0,"skipped":0,"pct":0},"statements":{"total":5,"covered":0,"skipped":0,"pct":0},"branches":{"total":2,"covered":0,"skipped":0,"pct":0}}
,"/Users/laidhamoudi/groupe-et-decouverte/dev-ged/components/stay-card.tsx": {"lines":{"total":17,"covered":0,"skipped":0,"pct":0},"functions":{"total":4,"covered":0,"skipped":0,"pct":0},"statements":{"total":17,"covered":0,"skipped":0,"pct":0},"branches":{"total":36,"covered":0,"skipped":0,"pct":0}}
,"/Users/laidhamoudi/groupe-et-decouverte/dev-ged/components/theme-provider.tsx": {"lines":{"total":3,"covered":0,"skipped":0,"pct":0},"functions":{"total":1,"covered":0,"skipped":0,"pct":0},"statements":{"total":3,"covered":0,"skipped":0,"pct":0},"branches":{"total":0,"covered":0,"skipped":0,"pct":100}}
,"/Users/laidhamoudi/groupe-et-decouverte/dev-ged/components/transfer-instructions.tsx": {"lines":{"total":13,"covered":0,"skipped":0,"pct":0},"functions":{"total":6,"covered":0,"skipped":0,"pct":0},"statements":{"total":14,"covered":0,"skipped":0,"pct":0},"branches":{"total":7,"covered":0,"skipped":0,"pct":0}}
,"/Users/laidhamoudi/groupe-et-decouverte/dev-ged/components/wishlist-modal.tsx": {"lines":{"total":80,"covered":0,"skipped":0,"pct":0},"functions":{"total":28,"covered":0,"skipped":0,"pct":0},"statements":{"total":95,"covered":0,"skipped":0,"pct":0},"branches":{"total":78,"covered":0,"skipped":0,"pct":0}}
,"/Users/laidhamoudi/groupe-et-decouverte/dev-ged/components/admin/admin-ui.tsx": {"lines":{"total":22,"covered":20,"skipped":0,"pct":90.9},"functions":{"total":16,"covered":9,"skipped":0,"pct":56.25},"statements":{"total":31,"covered":24,"skipped":0,"pct":77.41},"branches":{"total":11,"covered":8,"skipped":0,"pct":72.72}}
,"/Users/laidhamoudi/groupe-et-decouverte/dev-ged/components/dossier-enfant/BulletinComplementForm.tsx": {"lines":{"total":40,"covered":0,"skipped":0,"pct":0},"functions":{"total":34,"covered":0,"skipped":0,"pct":0},"statements":{"total":41,"covered":0,"skipped":0,"pct":0},"branches":{"total":25,"covered":0,"skipped":0,"pct":0}}
,"/Users/laidhamoudi/groupe-et-decouverte/dev-ged/components/dossier-enfant/DocumentsJointsUpload.tsx": {"lines":{"total":67,"covered":0,"skipped":0,"pct":0},"functions":{"total":18,"covered":0,"skipped":0,"pct":0},"statements":{"total":75,"covered":0,"skipped":0,"pct":0},"branches":{"total":54,"covered":0,"skipped":0,"pct":0}}
,"/Users/laidhamoudi/groupe-et-decouverte/dev-ged/components/dossier-enfant/DossierEnfantPanel.tsx": {"lines":{"total":82,"covered":0,"skipped":0,"pct":0},"functions":{"total":17,"covered":0,"skipped":0,"pct":0},"statements":{"total":91,"covered":0,"skipped":0,"pct":0},"branches":{"total":120,"covered":0,"skipped":0,"pct":0}}
,"/Users/laidhamoudi/groupe-et-decouverte/dev-ged/components/dossier-enfant/FicheLiaisonJeuneForm.tsx": {"lines":{"total":30,"covered":0,"skipped":0,"pct":0},"functions":{"total":31,"covered":0,"skipped":0,"pct":0},"statements":{"total":31,"covered":0,"skipped":0,"pct":0},"branches":{"total":13,"covered":0,"skipped":0,"pct":0}}
,"/Users/laidhamoudi/groupe-et-decouverte/dev-ged/components/dossier-enfant/FicheRenseignementsForm.tsx": {"lines":{"total":16,"covered":0,"skipped":0,"pct":0},"functions":{"total":14,"covered":0,"skipped":0,"pct":0},"statements":{"total":17,"covered":0,"skipped":0,"pct":0},"branches":{"total":24,"covered":0,"skipped":0,"pct":0}}
,"/Users/laidhamoudi/groupe-et-decouverte/dev-ged/components/dossier-enfant/FicheSanitaireForm.tsx": {"lines":{"total":55,"covered":0,"skipped":0,"pct":0},"functions":{"total":56,"covered":0,"skipped":0,"pct":0},"statements":{"total":56,"covered":0,"skipped":0,"pct":0},"branches":{"total":25,"covered":0,"skipped":0,"pct":0}}
,"/Users/laidhamoudi/groupe-et-decouverte/dev-ged/components/dossier-enfant/useDossierEnfant.ts": {"lines":{"total":49,"covered":0,"skipped":0,"pct":0},"functions":{"total":8,"covered":0,"skipped":0,"pct":0},"statements":{"total":55,"covered":0,"skipped":0,"pct":0},"branches":{"total":20,"covered":0,"skipped":0,"pct":0}}
,"/Users/laidhamoudi/groupe-et-decouverte/dev-ged/components/ui/accordion.tsx": {"lines":{"total":9,"covered":0,"skipped":0,"pct":0},"functions":{"total":0,"covered":0,"skipped":0,"pct":100},"statements":{"total":12,"covered":0,"skipped":0,"pct":0},"branches":{"total":0,"covered":0,"skipped":0,"pct":100}}
,"/Users/laidhamoudi/groupe-et-decouverte/dev-ged/components/ui/alert-dialog.tsx": {"lines":{"total":26,"covered":0,"skipped":0,"pct":0},"functions":{"total":0,"covered":0,"skipped":0,"pct":100},"statements":{"total":26,"covered":0,"skipped":0,"pct":0},"branches":{"total":0,"covered":0,"skipped":0,"pct":100}}
,"/Users/laidhamoudi/groupe-et-decouverte/dev-ged/components/ui/alert.tsx": {"lines":{"total":8,"covered":0,"skipped":0,"pct":0},"functions":{"total":0,"covered":0,"skipped":0,"pct":100},"statements":{"total":10,"covered":0,"skipped":0,"pct":0},"branches":{"total":0,"covered":0,"skipped":0,"pct":100}}
,"/Users/laidhamoudi/groupe-et-decouverte/dev-ged/components/ui/aspect-ratio.tsx": {"lines":{"total":3,"covered":0,"skipped":0,"pct":0},"functions":{"total":0,"covered":0,"skipped":0,"pct":100},"statements":{"total":3,"covered":0,"skipped":0,"pct":0},"branches":{"total":0,"covered":0,"skipped":0,"pct":100}}
,"/Users/laidhamoudi/groupe-et-decouverte/dev-ged/components/ui/avatar.tsx": {"lines":{"total":7,"covered":0,"skipped":0,"pct":0},"functions":{"total":0,"covered":0,"skipped":0,"pct":100},"statements":{"total":9,"covered":0,"skipped":0,"pct":0},"branches":{"total":0,"covered":0,"skipped":0,"pct":100}}
,"/Users/laidhamoudi/groupe-et-decouverte/dev-ged/components/ui/badge.tsx": {"lines":{"total":5,"covered":0,"skipped":0,"pct":0},"functions":{"total":1,"covered":0,"skipped":0,"pct":0},"statements":{"total":6,"covered":0,"skipped":0,"pct":0},"branches":{"total":0,"covered":0,"skipped":0,"pct":100}}
,"/Users/laidhamoudi/groupe-et-decouverte/dev-ged/components/ui/breadcrumb.tsx": {"lines":{"total":20,"covered":0,"skipped":0,"pct":0},"functions":{"total":1,"covered":0,"skipped":0,"pct":0},"statements":{"total":20,"covered":0,"skipped":0,"pct":0},"branches":{"total":4,"covered":0,"skipped":0,"pct":0}}
,"/Users/laidhamoudi/groupe-et-decouverte/dev-ged/components/ui/button.tsx": {"lines":{"total":9,"covered":0,"skipped":0,"pct":0},"functions":{"total":1,"covered":0,"skipped":0,"pct":0},"statements":{"total":10,"covered":0,"skipped":0,"pct":0},"branches":{"total":3,"covered":0,"skipped":0,"pct":0}}
,"/Users/laidhamoudi/groupe-et-decouverte/dev-ged/components/ui/calendar.tsx": {"lines":{"total":7,"covered":0,"skipped":0,"pct":0},"functions":{"total":1,"covered":0,"skipped":0,"pct":0},"statements":{"total":7,"covered":0,"skipped":0,"pct":0},"branches":{"total":1,"covered":0,"skipped":0,"pct":0}}
,"/Users/laidhamoudi/groupe-et-decouverte/dev-ged/components/ui/card.tsx": {"lines":{"total":9,"covered":0,"skipped":0,"pct":0},"functions":{"total":0,"covered":0,"skipped":0,"pct":100},"statements":{"total":14,"covered":0,"skipped":0,"pct":0},"branches":{"total":0,"covered":0,"skipped":0,"pct":100}}
,"/Users/laidhamoudi/groupe-et-decouverte/dev-ged/components/ui/carousel.tsx": {"lines":{"total":60,"covered":0,"skipped":0,"pct":0},"functions":{"total":13,"covered":0,"skipped":0,"pct":0},"statements":{"total":60,"covered":0,"skipped":0,"pct":0},"branches":{"total":33,"covered":0,"skipped":0,"pct":0}}
,"/Users/laidhamoudi/groupe-et-decouverte/dev-ged/components/ui/checkbox.tsx": {"lines":{"total":6,"covered":0,"skipped":0,"pct":0},"functions":{"total":0,"covered":0,"skipped":0,"pct":100},"statements":{"total":6,"covered":0,"skipped":0,"pct":0},"branches":{"total":0,"covered":0,"skipped":0,"pct":100}}
,"/Users/laidhamoudi/groupe-et-decouverte/dev-ged/components/ui/collapsible.tsx": {"lines":{"total":5,"covered":0,"skipped":0,"pct":0},"functions":{"total":0,"covered":0,"skipped":0,"pct":100},"statements":{"total":7,"covered":0,"skipped":0,"pct":0},"branches":{"total":0,"covered":0,"skipped":0,"pct":100}}
,"/Users/laidhamoudi/groupe-et-decouverte/dev-ged/components/ui/command.tsx": {"lines":{"total":24,"covered":0,"skipped":0,"pct":0},"functions":{"total":2,"covered":0,"skipped":0,"pct":0},"statements":{"total":24,"covered":0,"skipped":0,"pct":0},"branches":{"total":0,"covered":0,"skipped":0,"pct":100}}
,"/Users/laidhamoudi/groupe-et-decouverte/dev-ged/components/ui/context-menu.tsx": {"lines":{"total":35,"covered":0,"skipped":0,"pct":0},"functions":{"total":1,"covered":0,"skipped":0,"pct":0},"statements":{"total":35,"covered":0,"skipped":0,"pct":0},"branches":{"total":6,"covered":0,"skipped":0,"pct":0}}
,"/Users/laidhamoudi/groupe-et-decouverte/dev-ged/components/ui/date-range-picker.tsx": {"lines":{"total":9,"covered":0,"skipped":0,"pct":0},"functions":{"total":2,"covered":0,"skipped":0,"pct":0},"statements":{"total":9,"covered":0,"skipped":0,"pct":0},"branches":{"total":5,"covered":0,"skipped":0,"pct":0}}
,"/Users/laidhamoudi/groupe-et-decouverte/dev-ged/components/ui/dialog.tsx": {"lines":{"total":24,"covered":0,"skipped":0,"pct":0},"functions":{"total":0,"covered":0,"skipped":0,"pct":100},"statements":{"total":24,"covered":0,"skipped":0,"pct":0},"branches":{"total":0,"covered":0,"skipped":0,"pct":100}}
,"/Users/laidhamoudi/groupe-et-decouverte/dev-ged/components/ui/drawer.tsx": {"lines":{"total":23,"covered":0,"skipped":0,"pct":0},"functions":{"total":0,"covered":0,"skipped":0,"pct":100},"statements":{"total":23,"covered":0,"skipped":0,"pct":0},"branches":{"total":1,"covered":0,"skipped":0,"pct":0}}
,"/Users/laidhamoudi/groupe-et-decouverte/dev-ged/components/ui/dropdown-menu.tsx": {"lines":{"total":35,"covered":0,"skipped":0,"pct":0},"functions":{"total":1,"covered":0,"skipped":0,"pct":0},"statements":{"total":35,"covered":0,"skipped":0,"pct":0},"branches":{"total":7,"covered":0,"skipped":0,"pct":0}}
,"/Users/laidhamoudi/groupe-et-decouverte/dev-ged/components/ui/form.tsx": {"lines":{"total":44,"covered":0,"skipped":0,"pct":0},"functions":{"total":7,"covered":0,"skipped":0,"pct":0},"statements":{"total":44,"covered":0,"skipped":0,"pct":0},"branches":{"total":10,"covered":0,"skipped":0,"pct":0}}
,"/Users/laidhamoudi/groupe-et-decouverte/dev-ged/components/ui/hover-card.tsx": {"lines":{"total":7,"covered":0,"skipped":0,"pct":0},"functions":{"total":0,"covered":0,"skipped":0,"pct":100},"statements":{"total":9,"covered":0,"skipped":0,"pct":0},"branches":{"total":2,"covered":0,"skipped":0,"pct":0}}
,"/Users/laidhamoudi/groupe-et-decouverte/dev-ged/components/ui/input-otp.tsx": {"lines":{"total":12,"covered":0,"skipped":0,"pct":0},"functions":{"total":1,"covered":0,"skipped":0,"pct":0},"statements":{"total":15,"covered":0,"skipped":0,"pct":0},"branches":{"total":3,"covered":0,"skipped":0,"pct":0}}
,"/Users/laidhamoudi/groupe-et-decouverte/dev-ged/components/ui/input.tsx": {"lines":{"total":5,"covered":0,"skipped":0,"pct":0},"functions":{"total":1,"covered":0,"skipped":0,"pct":0},"statements":{"total":5,"covered":0,"skipped":0,"pct":0},"branches":{"total":0,"covered":0,"skipped":0,"pct":100}}
,"/Users/laidhamoudi/groupe-et-decouverte/dev-ged/components/ui/label.tsx": {"lines":{"total":7,"covered":0,"skipped":0,"pct":0},"functions":{"total":0,"covered":0,"skipped":0,"pct":100},"statements":{"total":7,"covered":0,"skipped":0,"pct":0},"branches":{"total":0,"covered":0,"skipped":0,"pct":100}}
,"/Users/laidhamoudi/groupe-et-decouverte/dev-ged/components/ui/menubar.tsx": {"lines":{"total":37,"covered":0,"skipped":0,"pct":0},"functions":{"total":1,"covered":0,"skipped":0,"pct":0},"statements":{"total":37,"covered":0,"skipped":0,"pct":0},"branches":{"total":9,"covered":0,"skipped":0,"pct":0}}
,"/Users/laidhamoudi/groupe-et-decouverte/dev-ged/components/ui/navigation-menu.tsx": {"lines":{"total":23,"covered":0,"skipped":0,"pct":0},"functions":{"total":0,"covered":0,"skipped":0,"pct":100},"statements":{"total":23,"covered":0,"skipped":0,"pct":0},"branches":{"total":0,"covered":0,"skipped":0,"pct":100}}
,"/Users/laidhamoudi/groupe-et-decouverte/dev-ged/components/ui/pagination.tsx": {"lines":{"total":18,"covered":0,"skipped":0,"pct":0},"functions":{"total":0,"covered":0,"skipped":0,"pct":100},"statements":{"total":18,"covered":0,"skipped":0,"pct":0},"branches":{"total":5,"covered":0,"skipped":0,"pct":0}}
,"/Users/laidhamoudi/groupe-et-decouverte/dev-ged/components/ui/popover.tsx": {"lines":{"total":7,"covered":0,"skipped":0,"pct":0},"functions":{"total":0,"covered":0,"skipped":0,"pct":100},"statements":{"total":9,"covered":0,"skipped":0,"pct":0},"branches":{"total":2,"covered":0,"skipped":0,"pct":0}}
,"/Users/laidhamoudi/groupe-et-decouverte/dev-ged/components/ui/progress.tsx": {"lines":{"total":5,"covered":0,"skipped":0,"pct":0},"functions":{"total":0,"covered":0,"skipped":0,"pct":100},"statements":{"total":5,"covered":0,"skipped":0,"pct":0},"branches":{"total":2,"covered":0,"skipped":0,"pct":0}}
,"/Users/laidhamoudi/groupe-et-decouverte/dev-ged/components/ui/radio-group.tsx": {"lines":{"total":9,"covered":0,"skipped":0,"pct":0},"functions":{"total":2,"covered":0,"skipped":0,"pct":0},"statements":{"total":10,"covered":0,"skipped":0,"pct":0},"branches":{"total":0,"covered":0,"skipped":0,"pct":100}}
,"/Users/laidhamoudi/groupe-et-decouverte/dev-ged/components/ui/resizable.tsx": {"lines":{"total":5,"covered":0,"skipped":0,"pct":0},"functions":{"total":0,"covered":0,"skipped":0,"pct":100},"statements":{"total":7,"covered":0,"skipped":0,"pct":0},"branches":{"total":1,"covered":0,"skipped":0,"pct":0}}
,"/Users/laidhamoudi/groupe-et-decouverte/dev-ged/components/ui/scroll-area.tsx": {"lines":{"total":6,"covered":0,"skipped":0,"pct":0},"functions":{"total":0,"covered":0,"skipped":0,"pct":100},"statements":{"total":7,"covered":0,"skipped":0,"pct":0},"branches":{"total":5,"covered":0,"skipped":0,"pct":0}}
,"/Users/laidhamoudi/groupe-et-decouverte/dev-ged/components/ui/select.tsx": {"lines":{"total":24,"covered":0,"skipped":0,"pct":0},"functions":{"total":0,"covered":0,"skipped":0,"pct":100},"statements":{"total":24,"covered":0,"skipped":0,"pct":0},"branches":{"total":5,"covered":0,"skipped":0,"pct":0}}
,"/Users/laidhamoudi/groupe-et-decouverte/dev-ged/components/ui/separator.tsx": {"lines":{"total":5,"covered":0,"skipped":0,"pct":0},"functions":{"total":0,"covered":0,"skipped":0,"pct":100},"statements":{"total":5,"covered":0,"skipped":0,"pct":0},"branches":{"total":4,"covered":0,"skipped":0,"pct":0}}
,"/Users/laidhamoudi/groupe-et-decouverte/dev-ged/components/ui/sheet.tsx": {"lines":{"total":26,"covered":0,"skipped":0,"pct":0},"functions":{"total":0,"covered":0,"skipped":0,"pct":100},"statements":{"total":26,"covered":0,"skipped":0,"pct":0},"branches":{"total":1,"covered":0,"skipped":0,"pct":0}}
,"/Users/laidhamoudi/groupe-et-decouverte/dev-ged/components/ui/skeleton.tsx": {"lines":{"total":2,"covered":0,"skipped":0,"pct":0},"functions":{"total":1,"covered":0,"skipped":0,"pct":0},"statements":{"total":2,"covered":0,"skipped":0,"pct":0},"branches":{"total":0,"covered":0,"skipped":0,"pct":100}}
,"/Users/laidhamoudi/groupe-et-decouverte/dev-ged/components/ui/slider.tsx": {"lines":{"total":5,"covered":0,"skipped":0,"pct":0},"functions":{"total":0,"covered":0,"skipped":0,"pct":100},"statements":{"total":5,"covered":0,"skipped":0,"pct":0},"branches":{"total":0,"covered":0,"skipped":0,"pct":100}}
,"/Users/laidhamoudi/groupe-et-decouverte/dev-ged/components/ui/sonner.tsx": {"lines":{"total":5,"covered":0,"skipped":0,"pct":0},"functions":{"total":1,"covered":0,"skipped":0,"pct":0},"statements":{"total":5,"covered":0,"skipped":0,"pct":0},"branches":{"total":1,"covered":0,"skipped":0,"pct":0}}
,"/Users/laidhamoudi/groupe-et-decouverte/dev-ged/components/ui/switch.tsx": {"lines":{"total":5,"covered":0,"skipped":0,"pct":0},"functions":{"total":0,"covered":0,"skipped":0,"pct":100},"statements":{"total":5,"covered":0,"skipped":0,"pct":0},"branches":{"total":0,"covered":0,"skipped":0,"pct":100}}
,"/Users/laidhamoudi/groupe-et-decouverte/dev-ged/components/ui/table.tsx": {"lines":{"total":18,"covered":0,"skipped":0,"pct":0},"functions":{"total":0,"covered":0,"skipped":0,"pct":100},"statements":{"total":18,"covered":0,"skipped":0,"pct":0},"branches":{"total":0,"covered":0,"skipped":0,"pct":100}}
,"/Users/laidhamoudi/groupe-et-decouverte/dev-ged/components/ui/tabs.tsx": {"lines":{"total":8,"covered":0,"skipped":0,"pct":0},"functions":{"total":0,"covered":0,"skipped":0,"pct":100},"statements":{"total":11,"covered":0,"skipped":0,"pct":0},"branches":{"total":0,"covered":0,"skipped":0,"pct":100}}
,"/Users/laidhamoudi/groupe-et-decouverte/dev-ged/components/ui/task-card.tsx": {"lines":{"total":10,"covered":0,"skipped":0,"pct":0},"functions":{"total":4,"covered":0,"skipped":0,"pct":0},"statements":{"total":10,"covered":0,"skipped":0,"pct":0},"branches":{"total":5,"covered":0,"skipped":0,"pct":0}}
,"/Users/laidhamoudi/groupe-et-decouverte/dev-ged/components/ui/textarea.tsx": {"lines":{"total":5,"covered":0,"skipped":0,"pct":0},"functions":{"total":1,"covered":0,"skipped":0,"pct":0},"statements":{"total":5,"covered":0,"skipped":0,"pct":0},"branches":{"total":0,"covered":0,"skipped":0,"pct":100}}
,"/Users/laidhamoudi/groupe-et-decouverte/dev-ged/components/ui/toast.tsx": {"lines":{"total":21,"covered":0,"skipped":0,"pct":0},"functions":{"total":1,"covered":0,"skipped":0,"pct":0},"statements":{"total":21,"covered":0,"skipped":0,"pct":0},"branches":{"total":0,"covered":0,"skipped":0,"pct":100}}
,"/Users/laidhamoudi/groupe-et-decouverte/dev-ged/components/ui/toaster.tsx": {"lines":{"total":5,"covered":0,"skipped":0,"pct":0},"functions":{"total":2,"covered":0,"skipped":0,"pct":0},"statements":{"total":5,"covered":0,"skipped":0,"pct":0},"branches":{"total":2,"covered":0,"skipped":0,"pct":0}}
,"/Users/laidhamoudi/groupe-et-decouverte/dev-ged/components/ui/toggle-group.tsx": {"lines":{"total":10,"covered":0,"skipped":0,"pct":0},"functions":{"total":1,"covered":0,"skipped":0,"pct":0},"statements":{"total":11,"covered":0,"skipped":0,"pct":0},"branches":{"total":4,"covered":0,"skipped":0,"pct":0}}
,"/Users/laidhamoudi/groupe-et-decouverte/dev-ged/components/ui/toggle.tsx": {"lines":{"total":7,"covered":0,"skipped":0,"pct":0},"functions":{"total":0,"covered":0,"skipped":0,"pct":100},"statements":{"total":8,"covered":0,"skipped":0,"pct":0},"branches":{"total":0,"covered":0,"skipped":0,"pct":100}}
,"/Users/laidhamoudi/groupe-et-decouverte/dev-ged/components/ui/tooltip.tsx": {"lines":{"total":8,"covered":0,"skipped":0,"pct":0},"functions":{"total":0,"covered":0,"skipped":0,"pct":100},"statements":{"total":11,"covered":0,"skipped":0,"pct":0},"branches":{"total":1,"covered":0,"skipped":0,"pct":0}}
,"/Users/laidhamoudi/groupe-et-decouverte/dev-ged/components/ui/use-toast.ts": {"lines":{"total":53,"covered":0,"skipped":0,"pct":0},"functions":{"total":18,"covered":0,"skipped":0,"pct":0},"statements":{"total":57,"covered":0,"skipped":0,"pct":0},"branches":{"total":20,"covered":0,"skipped":0,"pct":0}}
,"/Users/laidhamoudi/groupe-et-decouverte/dev-ged/lib/age-utils.ts": {"lines":{"total":63,"covered":14,"skipped":0,"pct":22.22},"functions":{"total":15,"covered":2,"skipped":0,"pct":13.33},"statements":{"total":75,"covered":20,"skipped":0,"pct":26.66},"branches":{"total":58,"covered":14,"skipped":0,"pct":24.13}}
,"/Users/laidhamoudi/groupe-et-decouverte/dev-ged/lib/auth-middleware.ts": {"lines":{"total":19,"covered":19,"skipped":0,"pct":100},"functions":{"total":3,"covered":3,"skipped":0,"pct":100},"statements":{"total":23,"covered":23,"skipped":0,"pct":100},"branches":{"total":14,"covered":14,"skipped":0,"pct":100}}
,"/Users/laidhamoudi/groupe-et-decouverte/dev-ged/lib/email.ts": {"lines":{"total":114,"covered":0,"skipped":0,"pct":0},"functions":{"total":13,"covered":0,"skipped":0,"pct":0},"statements":{"total":119,"covered":0,"skipped":0,"pct":0},"branches":{"total":114,"covered":0,"skipped":0,"pct":0}}
,"/Users/laidhamoudi/groupe-et-decouverte/dev-ged/lib/env.ts": {"lines":{"total":17,"covered":14,"skipped":0,"pct":82.35},"functions":{"total":4,"covered":3,"skipped":0,"pct":75},"statements":{"total":19,"covered":15,"skipped":0,"pct":78.94},"branches":{"total":6,"covered":4,"skipped":0,"pct":66.66}}
,"/Users/laidhamoudi/groupe-et-decouverte/dev-ged/lib/pricing.test.ts": {"lines":{"total":87,"covered":0,"skipped":0,"pct":0},"functions":{"total":0,"covered":0,"skipped":0,"pct":100},"statements":{"total":87,"covered":0,"skipped":0,"pct":0},"branches":{"total":20,"covered":0,"skipped":0,"pct":0}}
,"/Users/laidhamoudi/groupe-et-decouverte/dev-ged/lib/pricing.ts": {"lines":{"total":77,"covered":24,"skipped":0,"pct":31.16},"functions":{"total":16,"covered":4,"skipped":0,"pct":25},"statements":{"total":88,"covered":24,"skipped":0,"pct":27.27},"branches":{"total":81,"covered":11,"skipped":0,"pct":13.58}}
,"/Users/laidhamoudi/groupe-et-decouverte/dev-ged/lib/supabase-server.ts": {"lines":{"total":11,"covered":0,"skipped":0,"pct":0},"functions":{"total":1,"covered":0,"skipped":0,"pct":0},"statements":{"total":13,"covered":0,"skipped":0,"pct":0},"branches":{"total":6,"covered":0,"skipped":0,"pct":0}}
,"/Users/laidhamoudi/groupe-et-decouverte/dev-ged/lib/supabase.ts": {"lines":{"total":4,"covered":0,"skipped":0,"pct":0},"functions":{"total":0,"covered":0,"skipped":0,"pct":100},"statements":{"total":5,"covered":0,"skipped":0,"pct":0},"branches":{"total":0,"covered":0,"skipped":0,"pct":100}}
,"/Users/laidhamoudi/groupe-et-decouverte/dev-ged/lib/supabaseGed.ts": {"lines":{"total":104,"covered":0,"skipped":0,"pct":0},"functions":{"total":23,"covered":0,"skipped":0,"pct":0},"statements":{"total":136,"covered":0,"skipped":0,"pct":0},"branches":{"total":78,"covered":0,"skipped":0,"pct":0}}
,"/Users/laidhamoudi/groupe-et-decouverte/dev-ged/lib/types.ts": {"lines":{"total":1,"covered":0,"skipped":0,"pct":0},"functions":{"total":0,"covered":0,"skipped":0,"pct":100},"statements":{"total":2,"covered":0,"skipped":0,"pct":0},"branches":{"total":0,"covered":0,"skipped":0,"pct":100}}
,"/Users/laidhamoudi/groupe-et-decouverte/dev-ged/lib/utils.ts": {"lines":{"total":120,"covered":27,"skipped":0,"pct":22.5},"functions":{"total":33,"covered":3,"skipped":0,"pct":9.09},"statements":{"total":146,"covered":28,"skipped":0,"pct":19.17},"branches":{"total":72,"covered":15,"skipped":0,"pct":20.83}}
}
